Сборка начата 05.12.2024 14:32:05.
Уровень детализации журнала: Normal.     1>Проект "D:\БГТУ\КПО3сем\SE_Asm02\SE_Asm02\SE_Asm02.vcxproj" в узле 2 (целевые объекты Build).
     1>PrepareForBuild:
         Структурированный вывод включен. Форматирование диагностики компилятора будет отражать иерархию ошибок. Подробнее см. https://aka.ms/cpp/structured-output.
       InitializeBuildStatus:
         Создание "Debug\SE_Asm02.tlog\unsuccessfulbuild", так как было задано "AlwaysCreate".
         Обращение к "Debug\SE_Asm02.tlog\unsuccessfulbuild".
       _MASM:
         Assembling asm02.asm...
         cmd.exe /C "C:\Users\user\AppData\Local\Temp\tmp874146ee7ec643f2ba94bfc7f50ae0e2.cmd"
         ml.exe /c /nologo /Zi /Fo"Debug\asm02.obj" /Fl"Debug\\" /W3 /errorReport:prompt  /Taasm02.asm
       Link:
         C:\Program Files\Microsoft Visual Studio\2022\Community\VC\Tools\MSVC\14.38.33130\bin\HostX86\x86\link.exe /ERRORREPORT:PROMPT /OUT:"D:\БГТУ\КПО3сем\SE_Asm02\SE_Asm02\Debug\SE_Asm02.exe" /INCREMENTAL /ILK:"Debug\SE_Asm02.ilk" /NOLOGO kernel32.lib user32.lib gdi32.lib winspool.lib comdlg32.lib advapi32.lib shell32.lib ole32.lib oleaut32.lib uuid.lib odbc32.lib odbccp32.lib /MANIFEST /MANIFESTUAC:"level='asInvoker' uiAccess='false'" /manifest:embed /DEBUG /PDB:"D:\БГТУ\КПО3сем\SE_Asm02\SE_Asm02\Debug\SE_Asm02.pdb" /SUBSYSTEM:WINDOWS /TLBID:1 /DYNAMICBASE /NXCOMPAT /IMPLIB:"D:\БГТУ\КПО3сем\SE_Asm02\SE_Asm02\Debug\SE_Asm02.lib" /MACHINE:X86 Debug\asm02.obj
         SE_Asm02.vcxproj -> D:\БГТУ\КПО3сем\SE_Asm02\SE_Asm02\Debug\SE_Asm02.exe
       FinalizeBuildStatus:
         Файл "Debug\SE_Asm02.tlog\unsuccessfulbuild" удаляется.
         Обращение к "Debug\SE_Asm02.tlog\SE_Asm02.lastbuildstate".
     1>Сборка проекта "D:\БГТУ\КПО3сем\SE_Asm02\SE_Asm02\SE_Asm02.vcxproj" завершена (целевые объекты Build).

Сборка успешно завершена.
    Предупреждений: 0
    Ошибок: 0

Прошло времени 00:00:00.51
