Сборка начата 12.09.2024 14:57:16.
Уровень детализации журнала: Normal.     1>Проект "C:\Users\user\Desktop\КПО3сем\laba16\SE_Lab16\SE_Lab16\SE_Lab16.vcxproj" в узле 2 (целевые объекты Build).
     1>PrepareForBuild:
         Структурированный вывод включен. Форматирование диагностики компилятора будет отражать иерархию ошибок. Подробнее см. https://aka.ms/cpp/structured-output.
       InitializeBuildStatus:
         Создание "x64\Debug\SE_Lab16.tlog\unsuccessfulbuild", так как было задано "AlwaysCreate".
         Обращение к "x64\Debug\SE_Lab16.tlog\unsuccessfulbuild".
       ClCompile:
         C:\Program Files\Microsoft Visual Studio\2022\Community\VC\Tools\MSVC\14.38.33130\bin\HostX64\x64\CL.exe /c /ZI /JMC /nologo /W3 /WX- /diagnostics:column /sdl /Od /D _DEBUG /D _CONSOLE /D _UNICODE /D UNICODE /Gm- /EHsc /RTC1 /MDd /GS /fp:precise /Zc:wchar_t /Zc:forScope /Zc:inline /permissive- /Fo"x64\Debug\\" /Fd"x64\Debug\vc143.pdb" /external:W3 /Gd /TP /FC /errorReport:prompt FST.cpp SE_Lab16.cpp
         FST.cpp
     1>C:\Users\user\Desktop\КПО3сем\laba16\SE_Lab16\SE_Lab16\FST.cpp(88,17): warning C4267: инициализация: преобразование из "size_t" в "short"; возможна потеря данных
         SE_Lab16.cpp
         Создание кода...
       Link:
         C:\Program Files\Microsoft Visual Studio\2022\Community\VC\Tools\MSVC\14.38.33130\bin\HostX64\x64\link.exe /ERRORREPORT:PROMPT /OUT:"C:\Users\user\Desktop\КПО3сем\laba16\SE_Lab16\x64\Debug\SE_Lab16.exe" /INCREMENTAL /ILK:"x64\Debug\SE_Lab16.ilk" /NOLOGO kernel32.lib user32.lib gdi32.lib winspool.lib comdlg32.lib advapi32.lib shell32.lib ole32.lib oleaut32.lib uuid.lib odbc32.lib odbccp32.lib /MANIFEST /MANIFESTUAC:"level='asInvoker' uiAccess='false'" /manifest:embed /DEBUG /PDB:"C:\Users\user\Desktop\КПО3сем\laba16\SE_Lab16\x64\Debug\SE_Lab16.pdb" /SUBSYSTEM:CONSOLE /TLBID:1 /DYNAMICBASE /NXCOMPAT /IMPLIB:"C:\Users\user\Desktop\КПО3сем\laba16\SE_Lab16\x64\Debug\SE_Lab16.lib" /MACHINE:X64 x64\Debug\FST.obj
         x64\Debug\SE_Lab16.obj
         SE_Lab16.vcxproj -> C:\Users\user\Desktop\КПО3сем\laba16\SE_Lab16\x64\Debug\SE_Lab16.exe
       FinalizeBuildStatus:
         Файл "x64\Debug\SE_Lab16.tlog\unsuccessfulbuild" удаляется.
         Обращение к "x64\Debug\SE_Lab16.tlog\SE_Lab16.lastbuildstate".
     1>Сборка проекта "C:\Users\user\Desktop\КПО3сем\laba16\SE_Lab16\SE_Lab16\SE_Lab16.vcxproj" завершена (целевые объекты Build).

Сборка успешно завершена.

       "C:\Users\user\Desktop\КПО3сем\laba16\SE_Lab16\SE_Lab16\SE_Lab16.vcxproj" (целевой объект Build ) (1) ->
       (Целевой объект ClCompile) -> 
         C:\Users\user\Desktop\КПО3сем\laba16\SE_Lab16\SE_Lab16\FST.cpp(88,17): warning C4267: инициализация: преобразование из "size_t" в "short"; возможна потеря данных

    Предупреждений: 1
    Ошибок: 0

Прошло времени 00:00:01.78
