Сборка начата 12.12.2024 11:20:15.
Уровень детализации журнала: Normal.     1>Проект "D:\БГТУ\КПО3сем\SE_ASM4\Deserializer\Deserializer.vcxproj" в узле 2 (целевые объекты Build).
     1>PrepareForBuild:
         Структурированный вывод включен. Форматирование диагностики компилятора будет отражать иерархию ошибок. Подробнее см. https://aka.ms/cpp/structured-output.
       InitializeBuildStatus:
         Создание "Debug\Deserializer.tlog\unsuccessfulbuild", так как было задано "AlwaysCreate".
         Обращение к "Debug\Deserializer.tlog\unsuccessfulbuild".
       ClCompile:
         Для всех выходных данных обновления не требуется.
       Link:
         Для всех выходных данных обновления не требуется.
         Deserializer.vcxproj -> D:\БГТУ\КПО3сем\SE_ASM4\Debug\Deserializer.exe
       FinalizeBuildStatus:
         Файл "Debug\Deserializer.tlog\unsuccessfulbuild" удаляется.
         Обращение к "Debug\Deserializer.tlog\Deserializer.lastbuildstate".
     1>Сборка проекта "D:\БГТУ\КПО3сем\SE_ASM4\Deserializer\Deserializer.vcxproj" завершена (целевые объекты Build).

Сборка успешно завершена.
    Предупреждений: 0
    Ошибок: 0

Прошло времени 00:00:00.20
